#
# A fatal error has been detected by the Java Runtime Environment:
#
#  EXCEPTION_ACCESS_VIOLATION (0xc0000005) at pc=0x00007ffa4335bf00, pid=4608, tid=10044
#
# JRE version: Java(TM) SE Runtime Environment (17.0+35) (build 17+35-LTS-2724)
# Java VM: Java HotSpot(TM) 64-Bit Server VM (17+35-LTS-2724, mixed mode, sharing, tiered, compressed oops, compressed class ptrs, g1 gc, windows-amd64)
# Problematic frame:
# V  [jvm.dll+0xbf00]
#
# No core dump will be written. Minidumps are not enabled by default on client versions of Windows
#
# If you would like to submit a bug report, please visit:
#   https://bugreport.java.com/bugreport/crash.jsp
#

---------------  S U M M A R Y ------------

Command Line: -Xcheck:jni -Djava.library.path=D:\JNI_Demo\lib -javaagent:D:\IntelliJ IDEA 2021.2.3\lib\idea_rt.jar=58891:D:\IntelliJ IDEA 2021.2.3\bin -Dfile.encoding=UTF-8 com.jnidemo.Main

Host: Intel(R) Core(TM) i7-10850H CPU @ 2.70GHz, 12 cores, 31G,  Windows 10 , 64 bit Build 19041 (10.0.19041.2546)
Time: Thu Feb 23 01:24:16 2023 FLE Standard Time elapsed time: 0.133355 seconds (0d 0h 0m 0s)

---------------  T H R E A D  ---------------

Current thread (0x000001fa548d09b0):  JavaThread "main" [_thread_in_vm, id=10044, stack(0x000000f384400000,0x000000f384500000)]

Stack: [0x000000f384400000,0x000000f384500000],  sp=0x000000f3844feeb8,  free space=1019k
Native frames: (J=compiled Java code, j=interpreted, Vv=VM code, C=native code)
V  [jvm.dll+0xbf00]

Java frames: (J=compiled Java code, j=interpreted, Vv=VM code)
j  com.jnidemo.Main.goThere(Lcom/jnidemo/MessageProvider;)Ljava/lang/String;+0
j  com.jnidemo.Main.main([Ljava/lang/String;)V+21
v  ~StubRoutines::call_stub

siginfo: EXCEPTION_ACCESS_VIOLATION (0xc0000005), reading address 0x0000000000000000


Register to memory mapping:

RIP=0x00007ffa4335bf00 jvm.dll
RAX=0x0 is NULL
RBX=0x000001fa548d09b0 is a thread
RCX=0x0 is NULL
RDX=0x0 is NULL
RSP=0x000000f3844feeb8 is pointing into the stack for thread: 0x000001fa548d09b0
RBP=0x000000f3844fefa0 is pointing into the stack for thread: 0x000001fa548d09b0
RSI=0x0 is NULL
RDI=0x0 is NULL
R8 =0x0000000000000002 is an unknown value
R9 =0x0000000000000002 is an unknown value
R10=0x00007ffa92b00000 VCRUNTIME140.dll
R11=0x000000f3844fed00 is pointing into the stack for thread: 0x000001fa548d09b0
R12=0x0 is NULL
R13={method} {0x000001fa7f4032b0} 'goThere' '(Lcom/jnidemo/MessageProvider;)Ljava/lang/String;' in 'com/jnidemo/Main'
R14=0x000000f3844ff040 is pointing into the stack for thread: 0x000001fa548d09b0
R15=0x000001fa548d09b0 is a thread


Registers:
RAX=0x0000000000000000, RBX=0x000001fa548d09b0, RCX=0x0000000000000000, RDX=0x0000000000000000
RSP=0x000000f3844feeb8, RBP=0x000000f3844fefa0, RSI=0x0000000000000000, RDI=0x0000000000000000
R8 =0x0000000000000002, R9 =0x0000000000000002, R10=0x00007ffa92b00000, R11=0x000000f3844fed00
R12=0x0000000000000000, R13=0x000001fa7f4032a8, R14=0x000000f3844ff040, R15=0x000001fa548d09b0
RIP=0x00007ffa4335bf00, EFLAGS=0x0000000000010246

Top of Stack: (sp=0x000000f3844feeb8)
0x000000f3844feeb8:   00007ffa43724104 00007ffa43c561b0
0x000000f3844feec8:   000001fa00000001 000000f3844ff040
0x000000f3844feed8:   00007ffa4375407d 000001fa548d09b0
0x000000f3844feee8:   0000000000000000 000001fa7eef1d90
0x000000f3844feef8:   000000f3844fefa0 000001fa548d0c58
0x000000f3844fef08:   00007ffa437485bd 000001fa548d09b0
0x000000f3844fef18:   0000000000000000 00007ffa69344050
0x000000f3844fef28:   000001fa7f4032a8 000001fa5c0e94fe
0x000000f3844fef38:   00007ffa693415f3 000001fa7f4032a8
0x000000f3844fef48:   0000000000000028 000001fa548d09b0
0x000000f3844fef58:   000001fa548d09b0 000001fa7f4032a8
0x000000f3844fef68:   000001fa548d09b0 000001fa5c0e94fe
0x000000f3844fef78:   000001fa5c0ed48e 000001fa7f4032a8
0x000000f3844fef88:   000001fa7f4032a8 000001fa7f4032a8
0x000000f3844fef98:   000001fa7eef1d90 000000f3844ff020
0x000000f3844fefa8:   000001fa5c0ed621 000001fa548d0c58 

Instructions: (pc=0x00007ffa4335bf00)
0x00007ffa4335be00:   1c d2 a6 00 48 83 c4 20 5b 48 ff e0 48 8d 05 ed
0x00007ffa4335be10:   00 00 00 48 8b cb 48 89 05 03 d2 a6 00 48 83 c4
0x00007ffa4335be20:   20 5b 48 ff e0 48 8d 05 d4 00 00 00 48 8b cb 48
0x00007ffa4335be30:   89 05 ea d1 a6 00 48 83 c4 20 5b 48 ff e0 48 8b
0x00007ffa4335be40:   0d 4b c3 ac 00 8b 51 10 83 ea 01 0f 84 91 00 00
0x00007ffa4335be50:   00 83 ea 01 74 73 83 ea 01 74 55 83 fa 01 74 37
0x00007ffa4335be60:   4c 8d 0d d1 1c 82 00 41 b8 e9 00 00 00 48 8d 15
0x00007ffa4335be70:   fc 1c 82 00 b9 00 00 00 e0 e8 f2 69 23 00 e8 dd
0x00007ffa4335be80:   35 66 00 33 c0 48 8b cb 48 89 05 91 d1 a6 00 48
0x00007ffa4335be90:   83 c4 20 5b 48 ff e0 48 8d 05 72 00 00 00 48 8b
0x00007ffa4335bea0:   cb 48 89 05 78 d1 a6 00 48 83 c4 20 5b 48 ff e0
0x00007ffa4335beb0:   48 8d 05 49 00 00 00 48 8b cb 48 89 05 5f d1 a6
0x00007ffa4335bec0:   00 48 83 c4 20 5b 48 ff e0 48 8d 05 30 00 00 00
0x00007ffa4335bed0:   48 8b cb 48 89 05 46 d1 a6 00 48 83 c4 20 5b 48
0x00007ffa4335bee0:   ff e0 48 8d 05 17 00 00 00 48 8b cb 48 89 05 2d
0x00007ffa4335bef0:   d1 a6 00 48 83 c4 20 5b 48 ff e0 cc cc cc cc cc
0x00007ffa4335bf00:   48 8b 01 c3 cc cc cc cc cc cc cc cc cc cc cc cc
0x00007ffa4335bf10:   48 89 5c 24 08 57 48 83 ec 20 48 8b 39 48 8b d9
0x00007ffa4335bf20:   48 85 3d 51 9f b1 00 75 0e 48 8b c7 48 8b 5c 24
0x00007ffa4335bf30:   30 48 83 c4 20 5f c3 48 8b cf e8 41 38 7f 00 48
0x00007ffa4335bf40:   8b d0 48 85 c0 74 20 48 8b c7 f0 48 0f b1 13 74
0x00007ffa4335bf50:   16 48 85 05 20 9f b1 00 74 0d 48 8b c8 f0 48 0f
0x00007ffa4335bf60:   b1 13 48 3b c1 75 ea 48 8b 5c 24 30 48 8b c2 48
0x00007ffa4335bf70:   83 c4 20 5f c3 cc cc cc cc cc cc cc cc cc cc cc
0x00007ffa4335bf80:   8b 44 24 30 45 03 c9 44 2b 4c 24 28 83 c0 0b 44
0x00007ffa4335bf90:   03 ca 45 03 c8 41 03 c1 c3 cc cc cc cc cc cc cc
0x00007ffa4335bfa0:   48 8b 41 08 0f b7 48 2a 0f b7 40 28 83 c0 48 03
0x00007ffa4335bfb0:   c1 c3 cc cc cc cc cc cc cc cc cc cc cc cc cc cc
0x00007ffa4335bfc0:   48 89 5c 24 08 57 48 83 ec 20 0f b6 05 9f a6 b1
0x00007ffa4335bfd0:   00 48 8b fa 48 8b d9 84 c0 74 4f 48 85 15 96 9e
0x00007ffa4335bfe0:   b1 00 74 38 48 8b ca e8 a4 3a 7f 00 48 8b d0 48
0x00007ffa4335bff0:   85 db 74 25 48 85 c0 74 20 48 8b c7 f0 48 0f b1 


Stack slot to memory mapping:
stack at sp + 0 slots: 0x00007ffa43724104 jvm.dll
stack at sp + 1 slots: 0x00007ffa43c561b0 jvm.dll
stack at sp + 2 slots: 0x000001fa00000001 points into unknown readable memory: 00 00 00 00 00 00 00
stack at sp + 3 slots: 0x000000f3844ff040 is pointing into the stack for thread: 0x000001fa548d09b0
stack at sp + 4 slots: 0x00007ffa4375407d jvm.dll
stack at sp + 5 slots: 0x000001fa548d09b0 is a thread
stack at sp + 6 slots: 0x0 is NULL
stack at sp + 7 slots: 0x000001fa7eef1d90 points into unknown readable memory: 0x0000000625e36810 | 10 68 e3 25 06 00 00 00


---------------  P R O C E S S  ---------------

Threads class SMR info:
_java_thread_list=0x000001fa7fb267c0, length=13, elements={
0x000001fa548d09b0, 0x000001fa7eef3b00, 0x000001fa7eef4970, 0x000001fa7ef0d310,
0x000001fa7ef0fbe0, 0x000001fa7ef12d70, 0x000001fa7ef17b30, 0x000001fa7ef120c0,
0x000001fa7ef1b780, 0x000001fa7ef1e960, 0x000001fa7eed8a30, 0x000001fa7fb25260,
0x000001fa7fb25730
}

Java Threads: ( => current thread )
=>0x000001fa548d09b0 JavaThread "main" [_thread_in_vm, id=10044, stack(0x000000f384400000,0x000000f384500000)]
  0x000001fa7eef3b00 JavaThread "Reference Handler" daemon [_thread_blocked, id=7884, stack(0x000000f384b00000,0x000000f384c00000)]
  0x000001fa7eef4970 JavaThread "Finalizer" daemon [_thread_blocked, id=14976, stack(0x000000f384c00000,0x000000f384d00000)]
  0x000001fa7ef0d310 JavaThread "Signal Dispatcher" daemon [_thread_blocked, id=9024, stack(0x000000f384d00000,0x000000f384e00000)]
  0x000001fa7ef0fbe0 JavaThread "Attach Listener" daemon [_thread_blocked, id=10572, stack(0x000000f384e00000,0x000000f384f00000)]
  0x000001fa7ef12d70 JavaThread "Service Thread" daemon [_thread_blocked, id=4112, stack(0x000000f384f00000,0x000000f385000000)]
  0x000001fa7ef17b30 JavaThread "Monitor Deflation Thread" daemon [_thread_blocked, id=12632, stack(0x000000f385000000,0x000000f385100000)]
  0x000001fa7ef120c0 JavaThread "C2 CompilerThread0" daemon [_thread_blocked, id=14304, stack(0x000000f385100000,0x000000f385200000)]
  0x000001fa7ef1b780 JavaThread "C1 CompilerThread0" daemon [_thread_blocked, id=6180, stack(0x000000f385200000,0x000000f385300000)]
  0x000001fa7ef1e960 JavaThread "Sweeper thread" daemon [_thread_blocked, id=13348, stack(0x000000f385300000,0x000000f385400000)]
  0x000001fa7eed8a30 JavaThread "Common-Cleaner" daemon [_thread_blocked, id=13860, stack(0x000000f385400000,0x000000f385500000)]
  0x000001fa7fb25260 JavaThread "Monitor Ctrl-Break" daemon [_thread_in_native, id=6212, stack(0x000000f385500000,0x000000f385600000)]
  0x000001fa7fb25730 JavaThread "Notification Thread" daemon [_thread_blocked, id=14696, stack(0x000000f385600000,0x000000f385700000)]

Other Threads:
  0x000001fa7eeeffa0 VMThread "VM Thread" [stack: 0x000000f384a00000,0x000000f384b00000] [id=12324]
  0x000001fa7fb278a0 WatcherThread [stack: 0x000000f385700000,0x000000f385800000] [id=9004]
  0x000001fa54943710 GCTaskThread "GC Thread#0" [stack: 0x000000f384500000,0x000000f384600000] [id=10932]
  0x000001fa54954320 ConcurrentGCThread "G1 Main Marker" [stack: 0x000000f384600000,0x000000f384700000] [id=3440]
  0x000001fa54955d40 ConcurrentGCThread "G1 Conc#0" [stack: 0x000000f384700000,0x000000f384800000] [id=12108]
  0x000001fa549adb50 ConcurrentGCThread "G1 Refine#0" [stack: 0x000000f384800000,0x000000f384900000] [id=10204]
  0x000001fa549ae570 ConcurrentGCThread "G1 Service" [stack: 0x000000f384900000,0x000000f384a00000] [id=9836]

Threads with active compile tasks:

VM state: not at safepoint (normal execution)

VM Mutex/Monitor currently owned by a thread: None

Heap address: 0x0000000606400000, size: 8092 MB, Compressed Oops mode: Zero based, Oop shift amount: 3

CDS archive(s) mapped at: [0x0000000800000000-0x0000000800bc0000-0x0000000800bc0000), size 12320768, SharedBaseAddress: 0x0000000800000000, ArchiveRelocationMode: 0.
Compressed class space mapped at: 0x0000000800c00000-0x0000000840c00000, reserved size: 1073741824
Narrow klass base: 0x0000000800000000, Narrow klass shift: 0, Narrow klass range: 0x100000000

GC Precious Log:
 CPUs: 12 total, 12 available
 Memory: 32365M
 Large Page Support: Disabled
 NUMA Support: Disabled
 Compressed Oops: Enabled (Zero based)
 Heap Region Size: 4M
 Heap Min Capacity: 8M
 Heap Initial Capacity: 508M
 Heap Max Capacity: 8092M
 Pre-touch: Disabled
 Parallel Workers: 10
 Concurrent Workers: 3
 Concurrent Refinement Workers: 10
 Periodic GC: Disabled

Heap:
 garbage-first heap   total 520192K, used 0K [0x0000000606400000, 0x0000000800000000)
  region size 4096K, 1 young (4096K), 0 survivors (0K)
 Metaspace       used 693K, committed 832K, reserved 1056768K
  class space    used 56K, committed 128K, reserved 1048576K

Heap Regions: E=young(eden), S=young(survivor), O=old, HS=humongous(starts), HC=humongous(continues), CS=collection set, F=free, OA=open archive, CA=closed archive, TAMS=top-at-mark-start (previous, next)
|   0|0x0000000606400000, 0x0000000606400000, 0x0000000606800000|  0%| F|  |TAMS 0x0000000606400000, 0x0000000606400000| Untracked 
|   1|0x0000000606800000, 0x0000000606800000, 0x0000000606c00000|  0%| F|  |TAMS 0x0000000606800000, 0x0000000606800000| Untracked 
|   2|0x0000000606c00000, 0x0000000606c00000, 0x0000000607000000|  0%| F|  |TAMS 0x0000000606c00000, 0x0000000606c00000| Untracked 
|   3|0x0000000607000000, 0x0000000607000000, 0x0000000607400000|  0%| F|  |TAMS 0x0000000607000000, 0x0000000607000000| Untracked 
|   4|0x0000000607400000, 0x0000000607400000, 0x0000000607800000|  0%| F|  |TAMS 0x0000000607400000, 0x0000000607400000| Untracked 
|   5|0x0000000607800000, 0x0000000607800000, 0x0000000607c00000|  0%| F|  |TAMS 0x0000000607800000, 0x0000000607800000| Untracked 
|   6|0x0000000607c00000, 0x0000000607c00000, 0x0000000608000000|  0%| F|  |TAMS 0x0000000607c00000, 0x0000000607c00000| Untracked 
|   7|0x0000000608000000, 0x0000000608000000, 0x0000000608400000|  0%| F|  |TAMS 0x0000000608000000, 0x0000000608000000| Untracked 
|   8|0x0000000608400000, 0x0000000608400000, 0x0000000608800000|  0%| F|  |TAMS 0x0000000608400000, 0x0000000608400000| Untracked 
|   9|0x0000000608800000, 0x0000000608800000, 0x0000000608c00000|  0%| F|  |TAMS 0x0000000608800000, 0x0000000608800000| Untracked 
|  10|0x0000000608c00000, 0x0000000608c00000, 0x0000000609000000|  0%| F|  |TAMS 0x0000000608c00000, 0x0000000608c00000| Untracked 
|  11|0x0000000609000000, 0x0000000609000000, 0x0000000609400000|  0%| F|  |TAMS 0x0000000609000000, 0x0000000609000000| Untracked 
|  12|0x0000000609400000, 0x0000000609400000, 0x0000000609800000|  0%| F|  |TAMS 0x0000000609400000, 0x0000000609400000| Untracked 
|  13|0x0000000609800000, 0x0000000609800000, 0x0000000609c00000|  0%| F|  |TAMS 0x0000000609800000, 0x0000000609800000| Untracked 
|  14|0x0000000609c00000, 0x0000000609c00000, 0x000000060a000000|  0%| F|  |TAMS 0x0000000609c00000, 0x0000000609c00000| Untracked 
|  15|0x000000060a000000, 0x000000060a000000, 0x000000060a400000|  0%| F|  |TAMS 0x000000060a000000, 0x000000060a000000| Untracked 
|  16|0x000000060a400000, 0x000000060a400000, 0x000000060a800000|  0%| F|  |TAMS 0x000000060a400000, 0x000000060a400000| Untracked 
|  17|0x000000060a800000, 0x000000060a800000, 0x000000060ac00000|  0%| F|  |TAMS 0x000000060a800000, 0x000000060a800000| Untracked 
|  18|0x000000060ac00000, 0x000000060ac00000, 0x000000060b000000|  0%| F|  |TAMS 0x000000060ac00000, 0x000000060ac00000| Untracked 
|  19|0x000000060b000000, 0x000000060b000000, 0x000000060b400000|  0%| F|  |TAMS 0x000000060b000000, 0x000000060b000000| Untracked 
|  20|0x000000060b400000, 0x000000060b400000, 0x000000060b800000|  0%| F|  |TAMS 0x000000060b400000, 0x000000060b400000| Untracked 
|  21|0x000000060b800000, 0x000000060b800000, 0x000000060bc00000|  0%| F|  |TAMS 0x000000060b800000, 0x000000060b800000| Untracked 
|  22|0x000000060bc00000, 0x000000060bc00000, 0x000000060c000000|  0%| F|  |TAMS 0x000000060bc00000, 0x000000060bc00000| Untracked 
|  23|0x000000060c000000, 0x000000060c000000, 0x000000060c400000|  0%| F|  |TAMS 0x000000060c000000, 0x000000060c000000| Untracked 
|  24|0x000000060c400000, 0x000000060c400000, 0x000000060c800000|  0%| F|  |TAMS 0x000000060c400000, 0x000000060c400000| Untracked 
|  25|0x000000060c800000, 0x000000060c800000, 0x000000060cc00000|  0%| F|  |TAMS 0x000000060c800000, 0x000000060c800000| Untracked 
|  26|0x000000060cc00000, 0x000000060cc00000, 0x000000060d000000|  0%| F|  |TAMS 0x000000060cc00000, 0x000000060cc00000| Untracked 
|  27|0x000000060d000000, 0x000000060d000000, 0x000000060d400000|  0%| F|  |TAMS 0x000000060d000000, 0x000000060d000000| Untracked 
|  28|0x000000060d400000, 0x000000060d400000, 0x000000060d800000|  0%| F|  |TAMS 0x000000060d400000, 0x000000060d400000| Untracked 
|  29|0x000000060d800000, 0x000000060d800000, 0x000000060dc00000|  0%| F|  |TAMS 0x000000060d800000, 0x000000060d800000| Untracked 
|  30|0x000000060dc00000, 0x000000060dc00000, 0x000000060e000000|  0%| F|  |TAMS 0x000000060dc00000, 0x000000060dc00000| Untracked 
|  31|0x000000060e000000, 0x000000060e000000, 0x000000060e400000|  0%| F|  |TAMS 0x000000060e000000, 0x000000060e000000| Untracked 
|  32|0x000000060e400000, 0x000000060e400000, 0x000000060e800000|  0%| F|  |TAMS 0x000000060e400000, 0x000000060e400000| Untracked 
|  33|0x000000060e800000, 0x000000060e800000, 0x000000060ec00000|  0%| F|  |TAMS 0x000000060e800000, 0x000000060e800000| Untracked 
|  34|0x000000060ec00000, 0x000000060ec00000, 0x000000060f000000|  0%| F|  |TAMS 0x000000060ec00000, 0x000000060ec00000| Untracked 
|  35|0x000000060f000000, 0x000000060f000000, 0x000000060f400000|  0%| F|  |TAMS 0x000000060f000000, 0x000000060f000000| Untracked 
|  36|0x000000060f400000, 0x000000060f400000, 0x000000060f800000|  0%| F|  |TAMS 0x000000060f400000, 0x000000060f400000| Untracked 
|  37|0x000000060f800000, 0x000000060f800000, 0x000000060fc00000|  0%| F|  |TAMS 0x000000060f800000, 0x000000060f800000| Untracked 
|  38|0x000000060fc00000, 0x000000060fc00000, 0x0000000610000000|  0%| F|  |TAMS 0x000000060fc00000, 0x000000060fc00000| Untracked 
|  39|0x0000000610000000, 0x0000000610000000, 0x0000000610400000|  0%| F|  |TAMS 0x0000000610000000, 0x0000000610000000| Untracked 
|  40|0x0000000610400000, 0x0000000610400000, 0x0000000610800000|  0%| F|  |TAMS 0x0000000610400000, 0x0000000610400000| Untracked 
|  41|0x0000000610800000, 0x0000000610800000, 0x0000000610c00000|  0%| F|  |TAMS 0x0000000610800000, 0x0000000610800000| Untracked 
|  42|0x0000000610c00000, 0x0000000610c00000, 0x0000000611000000|  0%| F|  |TAMS 0x0000000610c00000, 0x0000000610c00000| Untracked 
|  43|0x0000000611000000, 0x0000000611000000, 0x0000000611400000|  0%| F|  |TAMS 0x0000000611000000, 0x0000000611000000| Untracked 
|  44|0x0000000611400000, 0x0000000611400000, 0x0000000611800000|  0%| F|  |TAMS 0x0000000611400000, 0x0000000611400000| Untracked 
|  45|0x0000000611800000, 0x0000000611800000, 0x0000000611c00000|  0%| F|  |TAMS 0x0000000611800000, 0x0000000611800000| Untracked 
|  46|0x0000000611c00000, 0x0000000611c00000, 0x0000000612000000|  0%| F|  |TAMS 0x0000000611c00000, 0x0000000611c00000| Untracked 
|  47|0x0000000612000000, 0x0000000612000000, 0x0000000612400000|  0%| F|  |TAMS 0x0000000612000000, 0x0000000612000000| Untracked 
|  48|0x0000000612400000, 0x0000000612400000, 0x0000000612800000|  0%| F|  |TAMS 0x0000000612400000, 0x0000000612400000| Untracked 
|  49|0x0000000612800000, 0x0000000612800000, 0x0000000612c00000|  0%| F|  |TAMS 0x0000000612800000, 0x0000000612800000| Untracked 
|  50|0x0000000612c00000, 0x0000000612c00000, 0x0000000613000000|  0%| F|  |TAMS 0x0000000612c00000, 0x0000000612c00000| Untracked 
|  51|0x0000000613000000, 0x0000000613000000, 0x0000000613400000|  0%| F|  |TAMS 0x0000000613000000, 0x0000000613000000| Untracked 
|  52|0x0000000613400000, 0x0000000613400000, 0x0000000613800000|  0%| F|  |TAMS 0x0000000613400000, 0x0000000613400000| Untracked 
|  53|0x0000000613800000, 0x0000000613800000, 0x0000000613c00000|  0%| F|  |TAMS 0x0000000613800000, 0x0000000613800000| Untracked 
|  54|0x0000000613c00000, 0x0000000613c00000, 0x0000000614000000|  0%| F|  |TAMS 0x0000000613c00000, 0x0000000613c00000| Untracked 
|  55|0x0000000614000000, 0x0000000614000000, 0x0000000614400000|  0%| F|  |TAMS 0x0000000614000000, 0x0000000614000000| Untracked 
|  56|0x0000000614400000, 0x0000000614400000, 0x0000000614800000|  0%| F|  |TAMS 0x0000000614400000, 0x0000000614400000| Untracked 
|  57|0x0000000614800000, 0x0000000614800000, 0x0000000614c00000|  0%| F|  |TAMS 0x0000000614800000, 0x0000000614800000| Untracked 
|  58|0x0000000614c00000, 0x0000000614c00000, 0x0000000615000000|  0%| F|  |TAMS 0x0000000614c00000, 0x0000000614c00000| Untracked 
|  59|0x0000000615000000, 0x0000000615000000, 0x0000000615400000|  0%| F|  |TAMS 0x0000000615000000, 0x0000000615000000| Untracked 
|  60|0x0000000615400000, 0x0000000615400000, 0x0000000615800000|  0%| F|  |TAMS 0x0000000615400000, 0x0000000615400000| Untracked 
|  61|0x0000000615800000, 0x0000000615800000, 0x0000000615c00000|  0%| F|  |TAMS 0x0000000615800000, 0x0000000615800000| Untracked 
|  62|0x0000000615c00000, 0x0000000615c00000, 0x0000000616000000|  0%| F|  |TAMS 0x0000000615c00000, 0x0000000615c00000| Untracked 
|  63|0x0000000616000000, 0x0000000616000000, 0x0000000616400000|  0%| F|  |TAMS 0x0000000616000000, 0x0000000616000000| Untracked 
|  64|0x0000000616400000, 0x0000000616400000, 0x0000000616800000|  0%| F|  |TAMS 0x0000000616400000, 0x0000000616400000| Untracked 
|  65|0x0000000616800000, 0x0000000616800000, 0x0000000616c00000|  0%| F|  |TAMS 0x0000000616800000, 0x0000000616800000| Untracked 
|  66|0x0000000616c00000, 0x0000000616c00000, 0x0000000617000000|  0%| F|  |TAMS 0x0000000616c00000, 0x0000000616c00000| Untracked 
|  67|0x0000000617000000, 0x0000000617000000, 0x0000000617400000|  0%| F|  |TAMS 0x0000000617000000, 0x0000000617000000| Untracked 
|  68|0x0000000617400000, 0x0000000617400000, 0x0000000617800000|  0%| F|  |TAMS 0x0000000617400000, 0x0000000617400000| Untracked 
|  69|0x0000000617800000, 0x0000000617800000, 0x0000000617c00000|  0%| F|  |TAMS 0x0000000617800000, 0x0000000617800000| Untracked 
|  70|0x0000000617c00000, 0x0000000617c00000, 0x0000000618000000|  0%| F|  |TAMS 0x0000000617c00000, 0x0000000617c00000| Untracked 
|  71|0x0000000618000000, 0x0000000618000000, 0x0000000618400000|  0%| F|  |TAMS 0x0000000618000000, 0x0000000618000000| Untracked 
|  72|0x0000000618400000, 0x0000000618400000, 0x0000000618800000|  0%| F|  |TAMS 0x0000000618400000, 0x0000000618400000| Untracked 
|  73|0x0000000618800000, 0x0000000618800000, 0x0000000618c00000|  0%| F|  |TAMS 0x0000000618800000, 0x0000000618800000| Untracked 
|  74|0x0000000618c00000, 0x0000000618c00000, 0x0000000619000000|  0%| F|  |TAMS 0x0000000618c00000, 0x0000000618c00000| Untracked 
|  75|0x0000000619000000, 0x0000000619000000, 0x0000000619400000|  0%| F|  |TAMS 0x0000000619000000, 0x0000000619000000| Untracked 
|  76|0x0000000619400000, 0x0000000619400000, 0x0000000619800000|  0%| F|  |TAMS 0x0000000619400000, 0x0000000619400000| Untracked 
|  77|0x0000000619800000, 0x0000000619800000, 0x0000000619c00000|  0%| F|  |TAMS 0x0000000619800000, 0x0000000619800000| Untracked 
|  78|0x0000000619c00000, 0x0000000619c00000, 0x000000061a000000|  0%| F|  |TAMS 0x0000000619c00000, 0x0000000619c00000| Untracked 
|  79|0x000000061a000000, 0x000000061a000000, 0x000000061a400000|  0%| F|  |TAMS 0x000000061a000000, 0x000000061a000000| Untracked 
|  80|0x000000061a400000, 0x000000061a400000, 0x000000061a800000|  0%| F|  |TAMS 0x000000061a400000, 0x000000061a400000| Untracked 
|  81|0x000000061a800000, 0x000000061a800000, 0x000000061ac00000|  0%| F|  |TAMS 0x000000061a800000, 0x000000061a800000| Untracked 
|  82|0x000000061ac00000, 0x000000061ac00000, 0x000000061b000000|  0%| F|  |TAMS 0x000000061ac00000, 0x000000061ac00000| Untracked 
|  83|0x000000061b000000, 0x000000061b000000, 0x000000061b400000|  0%| F|  |TAMS 0x000000061b000000, 0x000000061b000000| Untracked 
|  84|0x000000061b400000, 0x000000061b400000, 0x000000061b800000|  0%| F|  |TAMS 0x000000061b400000, 0x000000061b400000| Untracked 
|  85|0x000000061b800000, 0x000000061b800000, 0x000000061bc00000|  0%| F|  |TAMS 0x000000061b800000, 0x000000061b800000| Untracked 
|  86|0x000000061bc00000, 0x000000061bc00000, 0x000000061c000000|  0%| F|  |TAMS 0x000000061bc00000, 0x000000061bc00000| Untracked 
|  87|0x000000061c000000, 0x000000061c000000, 0x000000061c400000|  0%| F|  |TAMS 0x000000061c000000, 0x000000061c000000| Untracked 
|  88|0x000000061c400000, 0x000000061c400000, 0x000000061c800000|  0%| F|  |TAMS 0x000000061c400000, 0x000000061c400000| Untracked 
|  89|0x000000061c800000, 0x000000061c800000, 0x000000061cc00000|  0%| F|  |TAMS 0x000000061c800000, 0x000000061c800000| Untracked 
|  90|0x000000061cc00000, 0x000000061cc00000, 0x000000061d000000|  0%| F|  |TAMS 0x000000061cc00000, 0x000000061cc00000| Untracked 
|  91|0x000000061d000000, 0x000000061d000000, 0x000000061d400000|  0%| F|  |TAMS 0x000000061d000000, 0x000000061d000000| Untracked 
|  92|0x000000061d400000, 0x000000061d400000, 0x000000061d800000|  0%| F|  |TAMS 0x000000061d400000, 0x000000061d400000| Untracked 
|  93|0x000000061d800000, 0x000000061d800000, 0x000000061dc00000|  0%| F|  |TAMS 0x000000061d800000, 0x000000061d800000| Untracked 
|  94|0x000000061dc00000, 0x000000061dc00000, 0x000000061e000000|  0%| F|  |TAMS 0x000000061dc00000, 0x000000061dc00000| Untracked 
|  95|0x000000061e000000, 0x000000061e000000, 0x000000061e400000|  0%| F|  |TAMS 0x000000061e000000, 0x000000061e000000| Untracked 
|  96|0x000000061e400000, 0x000000061e400000, 0x000000061e800000|  0%| F|  |TAMS 0x000000061e400000, 0x000000061e400000| Untracked 
|  97|0x000000061e800000, 0x000000061e800000, 0x000000061ec00000|  0%| F|  |TAMS 0x000000061e800000, 0x000000061e800000| Untracked 
|  98|0x000000061ec00000, 0x000000061ec00000, 0x000000061f000000|  0%| F|  |TAMS 0x000000061ec00000, 0x000000061ec00000| Untracked 
|  99|0x000000061f000000, 0x000000061f000000, 0x000000061f400000|  0%| F|  |TAMS 0x000000061f000000, 0x000000061f000000| Untracked 
| 100|0x000000061f400000, 0x000000061f400000, 0x000000061f800000|  0%| F|  |TAMS 0x000000061f400000, 0x000000061f400000| Untracked 
| 101|0x000000061f800000, 0x000000061f800000, 0x000000061fc00000|  0%| F|  |TAMS 0x000000061f800000, 0x000000061f800000| Untracked 
| 102|0x000000061fc00000, 0x000000061fc00000, 0x0000000620000000|  0%| F|  |TAMS 0x000000061fc00000, 0x000000061fc00000| Untracked 
| 103|0x0000000620000000, 0x0000000620000000, 0x0000000620400000|  0%| F|  |TAMS 0x0000000620000000, 0x0000000620000000| Untracked 
| 104|0x0000000620400000, 0x0000000620400000, 0x0000000620800000|  0%| F|  |TAMS 0x0000000620400000, 0x0000000620400000| Untracked 
| 105|0x0000000620800000, 0x0000000620800000, 0x0000000620c00000|  0%| F|  |TAMS 0x0000000620800000, 0x0000000620800000| Untracked 
| 106|0x0000000620c00000, 0x0000000620c00000, 0x0000000621000000|  0%| F|  |TAMS 0x0000000620c00000, 0x0000000620c00000| Untracked 
| 107|0x0000000621000000, 0x0000000621000000, 0x0000000621400000|  0%| F|  |TAMS 0x0000000621000000, 0x0000000621000000| Untracked 
| 108|0x0000000621400000, 0x0000000621400000, 0x0000000621800000|  0%| F|  |TAMS 0x0000000621400000, 0x0000000621400000| Untracked 
| 109|0x0000000621800000, 0x0000000621800000, 0x0000000621c00000|  0%| F|  |TAMS 0x0000000621800000, 0x0000000621800000| Untracked 
| 110|0x0000000621c00000, 0x0000000621c00000, 0x0000000622000000|  0%| F|  |TAMS 0x0000000621c00000, 0x0000000621c00000| Untracked 
| 111|0x0000000622000000, 0x0000000622000000, 0x0000000622400000|  0%| F|  |TAMS 0x0000000622000000, 0x0000000622000000| Untracked 
| 112|0x0000000622400000, 0x0000000622400000, 0x0000000622800000|  0%| F|  |TAMS 0x0000000622400000, 0x0000000622400000| Untracked 
| 113|0x0000000622800000, 0x0000000622800000, 0x0000000622c00000|  0%| F|  |TAMS 0x0000000622800000, 0x0000000622800000| Untracked 
| 114|0x0000000622c00000, 0x0000000622c00000, 0x0000000623000000|  0%| F|  |TAMS 0x0000000622c00000, 0x0000000622c00000| Untracked 
| 115|0x0000000623000000, 0x0000000623000000, 0x0000000623400000|  0%| F|  |TAMS 0x0000000623000000, 0x0000000623000000| Untracked 
| 116|0x0000000623400000, 0x0000000623400000, 0x0000000623800000|  0%| F|  |TAMS 0x0000000623400000, 0x0000000623400000| Untracked 
| 117|0x0000000623800000, 0x0000000623800000, 0x0000000623c00000|  0%| F|  |TAMS 0x0000000623800000, 0x0000000623800000| Untracked 
| 118|0x0000000623c00000, 0x0000000623c00000, 0x0000000624000000|  0%| F|  |TAMS 0x0000000623c00000, 0x0000000623c00000| Untracked 
| 119|0x0000000624000000, 0x0000000624000000, 0x0000000624400000|  0%| F|  |TAMS 0x0000000624000000, 0x0000000624000000| Untracked 
| 120|0x0000000624400000, 0x0000000624400000, 0x0000000624800000|  0%| F|  |TAMS 0x0000000624400000, 0x0000000624400000| Untracked 
| 121|0x0000000624800000, 0x0000000624800000, 0x0000000624c00000|  0%| F|  |TAMS 0x0000000624800000, 0x0000000624800000| Untracked 
| 122|0x0000000624c00000, 0x0000000624c00000, 0x0000000625000000|  0%| F|  |TAMS 0x0000000624c00000, 0x0000000624c00000| Untracked 
| 123|0x0000000625000000, 0x0000000625000000, 0x0000000625400000|  0%| F|  |TAMS 0x0000000625000000, 0x0000000625000000| Untracked 
| 124|0x0000000625400000, 0x0000000625400000, 0x0000000625800000|  0%| F|  |TAMS 0x0000000625400000, 0x0000000625400000| Untracked 
| 125|0x0000000625800000, 0x0000000625800000, 0x0000000625c00000|  0%| F|  |TAMS 0x0000000625800000, 0x0000000625800000| Untracked 
| 126|0x0000000625c00000, 0x0000000625ee19f0, 0x0000000626000000| 72%| E|  |TAMS 0x0000000625c00000, 0x0000000625c00000| Complete 

Card table byte_map: [0x000001fa6c600000,0x000001fa6d5d0000] _byte_map_base: 0x000001fa695ce000

Marking Bits (Prev, Next): (CMBitMap*) 0x000001fa54943d20, (CMBitMap*) 0x000001fa54943d60
 Prev Bits: [0x000001fa6e5a0000, 0x000001fa76410000)
 Next Bits: [0x000001fa76410000, 0x000001fa7e280000)

Polling page: 0x000001fa52890000

Metaspace:

Usage:
  Non-class:    636.88 KB used.
      Class:     56.22 KB used.
       Both:    693.10 KB used.

Virtual space:
  Non-class space:        8.00 MB reserved,     704.00 KB (  9%) committed,  1 nodes.
      Class space:        1.00 GB reserved,     128.00 KB ( <1%) committed,  1 nodes.
             Both:        1.01 GB reserved,     832.00 KB ( <1%) committed. 

Chunk freelists:
   Non-Class:  3.98 MB
       Class:  3.74 MB
        Both:  7.72 MB

MaxMetaspaceSize: unlimited
CompressedClassSpaceSize: 1.00 GB
Initial GC threshold: 21.00 MB
Current GC threshold: 21.00 MB
CDS: on
MetaspaceReclaimPolicy: balanced
 - commit_granule_bytes: 65536.
 - commit_granule_words: 8192.
 - virtual_space_node_default_size: 1048576.
 - enlarge_chunks_in_place: 1.
 - new_chunks_are_fully_committed: 0.
 - uncommit_free_chunks: 1.
 - use_allocation_guard: 0.
 - handle_deallocations: 1.


Internal statistics:

num_allocs_failed_limit: 0.
num_arena_births: 12.
num_arena_deaths: 0.
num_vsnodes_births: 2.
num_vsnodes_deaths: 0.
num_space_committed: 13.
num_space_uncommitted: 0.
num_chunks_returned_to_freelist: 0.
num_chunks_taken_from_freelist: 16.
num_chunk_merges: 0.
num_chunk_splits: 9.
num_chunks_enlarged: 5.
num_purges: 0.
num_inconsistent_stats: 0.

CodeHeap 'non-profiled nmethods': size=120000Kb used=66Kb max_used=66Kb free=119933Kb
 bounds [0x000001fa63bb0000, 0x000001fa63e20000, 0x000001fa6b0e0000]
CodeHeap 'profiled nmethods': size=120000Kb used=205Kb max_used=205Kb free=119794Kb
 bounds [0x000001fa5c680000, 0x000001fa5c8f0000, 0x000001fa63bb0000]
CodeHeap 'non-nmethods': size=5760Kb used=1106Kb max_used=1119Kb free=4653Kb
 bounds [0x000001fa5c0e0000, 0x000001fa5c350000, 0x000001fa5c680000]
 total_blobs=579 nmethods=196 adapters=304
 compilation: enabled
              stopped_count=0, restarted_count=0
 full_count=0

Compilation events (20 events):
Event: 0.100 Thread 0x000001fa7ef1b780  184       3       java.lang.invoke.MemberName::testAllFlags (7 bytes)
Event: 0.100 Thread 0x000001fa7ef1b780 nmethod 184 0x000001fa5c6afc90 code [0x000001fa5c6afe20, 0x000001fa5c6afff8]
Event: 0.101 Thread 0x000001fa7ef1b780  186       3       java.util.Arrays::copyOf (19 bytes)
Event: 0.101 Thread 0x000001fa7ef1b780 nmethod 186 0x000001fa5c6b0090 code [0x000001fa5c6b0240, 0x000001fa5c6b0528]
Event: 0.105 Thread 0x000001fa7ef1b780  187       1       java.lang.Class::getModule (5 bytes)
Event: 0.105 Thread 0x000001fa7ef1b780 nmethod 187 0x000001fa63bbfe90 code [0x000001fa63bc0020, 0x000001fa63bc00f8]
Event: 0.105 Thread 0x000001fa7ef1b780  189       3       java.lang.AbstractStringBuilder::putStringAt (12 bytes)
Event: 0.105 Thread 0x000001fa7ef1b780 nmethod 189 0x000001fa5c6b0690 code [0x000001fa5c6b0840, 0x000001fa5c6b0a88]
Event: 0.105 Thread 0x000001fa7ef1b780  190       3       java.lang.AbstractStringBuilder::putStringAt (34 bytes)
Event: 0.105 Thread 0x000001fa7ef120c0  194       4       java.lang.String::charAt (25 bytes)
Event: 0.106 Thread 0x000001fa7ef1b780 nmethod 190 0x000001fa5c6b0c10 code [0x000001fa5c6b0de0, 0x000001fa5c6b10f8]
Event: 0.106 Thread 0x000001fa7ef1b780  191       3       java.lang.AbstractStringBuilder::getCoder (15 bytes)
Event: 0.106 Thread 0x000001fa7ef1b780 nmethod 191 0x000001fa5c6b1290 code [0x000001fa5c6b1420, 0x000001fa5c6b1558]
Event: 0.106 Thread 0x000001fa7ef1b780  192       3       java.lang.String::getBytes (46 bytes)
Event: 0.106 Thread 0x000001fa7ef1b780 nmethod 192 0x000001fa5c6b1610 code [0x000001fa5c6b17e0, 0x000001fa5c6b1af8]
Event: 0.106 Thread 0x000001fa7ef1b780  195       3       jdk.internal.org.objectweb.asm.ByteVector::putUTF8 (144 bytes)
Event: 0.106 Thread 0x000001fa7ef120c0 nmethod 194 0x000001fa63bc0490 code [0x000001fa63bc0620, 0x000001fa63bc0708]
Event: 0.107 Thread 0x000001fa7ef1b780 nmethod 195 0x000001fa5c6b1c10 code [0x000001fa5c6b1e80, 0x000001fa5c6b29a8]
Event: 0.107 Thread 0x000001fa7ef1b780  193       3       java.lang.AbstractStringBuilder::append (45 bytes)
Event: 0.107 Thread 0x000001fa7ef1b780 nmethod 193 0x000001fa5c6b2e90 code [0x000001fa5c6b3060, 0x000001fa5c6b33a8]

GC Heap History (0 events):
No events

Deoptimization events (0 events):
No events

Classes unloaded (0 events):
No events

Classes redefined (0 events):
No events

Internal exceptions (2 events):
Event: 0.098 Thread 0x000001fa7fb25260 Exception <a 'java/lang/NoSuchMethodError'{0x0000000625e6b360}: 'java.lang.Object java.lang.invoke.DirectMethodHandle$Holder.invokeStaticInit(java.lang.Object)'> (0x0000000625e6b360) 
thrown [t:\workspace\open\src\hotspot\share\interpreter\linkResolver.cpp, line 766]
Event: 0.105 Thread 0x000001fa7fb25260 Exception <a 'java/lang/NoSuchMethodError'{0x0000000625e79130}: 'void java.lang.invoke.DirectMethodHandle$Holder.invokeStatic(java.lang.Object, java.lang.Object)'> (0x0000000625e79130) 
thrown [t:\workspace\open\src\hotspot\share\interpreter\linkResolver.cpp, line 766]

VM Operations (4 events):
Event: 0.061 Executing VM operation: HandshakeAllThreads
Event: 0.061 Executing VM operation: HandshakeAllThreads done
Event: 0.097 Executing VM operation: HandshakeAllThreads
Event: 0.097 Executing VM operation: HandshakeAllThreads done

Events (20 events):
Event: 0.107 loading class sun/net/NetHooks done
Event: 0.107 loading class sun/nio/ch/NativeThread
Event: 0.107 loading class sun/nio/ch/NativeThread done
Event: 0.109 loading class java/io/BufferedReader
Event: 0.109 loading class java/io/BufferedReader done
Event: 0.109 loading class java/net/Socket$SocketInputStream
Event: 0.109 loading class java/net/Socket$SocketInputStream done
Event: 0.109 loading class sun/nio/ch/NioSocketImpl$1
Event: 0.109 loading class sun/nio/ch/NioSocketImpl$1 done
Event: 0.109 loading class sun/nio/cs/StreamDecoder
Event: 0.109 loading class sun/nio/cs/StreamDecoder done
Event: 0.109 loading class sun/nio/cs/US_ASCII$Decoder
Event: 0.109 loading class sun/nio/cs/US_ASCII$Decoder done
Event: 0.110 loading class sun/nio/ch/Util
Event: 0.110 loading class sun/nio/ch/Util done
Event: 0.110 loading class sun/nio/ch/Util$1
Event: 0.110 loading class sun/nio/ch/Util$1 done
Event: 0.110 loading class sun/nio/ch/Util$BufferCache
Event: 0.110 loading class sun/nio/ch/Util$BufferCache done
Event: 0.110 loading class java/nio/DirectByteBuffer$Deallocator


Dynamic libraries:
0x00007ff7769e0000 - 0x00007ff7769f0000 	C:\Program Files\Java\jdk-17\bin\java.exe
0x00007ffa9b490000 - 0x00007ffa9b688000 	C:\WINDOWS\SYSTEM32\ntdll.dll
0x00007ffa99f20000 - 0x00007ffa99fdf000 	C:\WINDOWS\System32\KERNEL32.DLL
0x00007ffa990e0000 - 0x00007ffa993b2000 	C:\WINDOWS\System32\KERNELBASE.dll
0x00007ffa98fe0000 - 0x00007ffa990e0000 	C:\WINDOWS\System32\ucrtbase.dll
0x00007ffa92b20000 - 0x00007ffa92b38000 	C:\Program Files\Java\jdk-17\bin\jli.dll
0x00007ffa99c00000 - 0x00007ffa99cae000 	C:\WINDOWS\System32\ADVAPI32.dll
0x00007ffa92b00000 - 0x00007ffa92b1a000 	C:\Program Files\Java\jdk-17\bin\VCRUNTIME140.dll
0x00007ffa9b130000 - 0x00007ffa9b1ce000 	C:\WINDOWS\System32\msvcrt.dll
0x00007ffa9aed0000 - 0x00007ffa9af6c000 	C:\WINDOWS\System32\sechost.dll
0x00007ffa9a490000 - 0x00007ffa9a5b5000 	C:\WINDOWS\System32\RPCRT4.dll
0x00007ffa9ad10000 - 0x00007ffa9aeb1000 	C:\WINDOWS\System32\USER32.dll
0x00007ffa994a0000 - 0x00007ffa994c2000 	C:\WINDOWS\System32\win32u.dll
0x00007ffa9b420000 - 0x00007ffa9b44b000 	C:\WINDOWS\System32\GDI32.dll
0x00007ffa73c70000 - 0x00007ffa73f0a000 	C:\WINDOWS\WinSxS\amd64_microsoft.windows.common-controls_6595b64144ccf1df_6.0.19041.1110_none_60b5254171f9507e\COMCTL32.dll
0x00007ffa98e00000 - 0x00007ffa98f0f000 	C:\WINDOWS\System32\gdi32full.dll
0x00007ffa98f40000 - 0x00007ffa98fdd000 	C:\WINDOWS\System32\msvcp_win.dll
0x00007ffa8d540000 - 0x00007ffa8d54a000 	C:\WINDOWS\SYSTEM32\VERSION.dll
0x00007ffa9b0f0000 - 0x00007ffa9b122000 	C:\WINDOWS\System32\IMM32.DLL
0x00007ffa92af0000 - 0x00007ffa92afc000 	C:\Program Files\Java\jdk-17\bin\vcruntime140_1.dll
0x00007ffa6e0c0000 - 0x00007ffa6e14d000 	C:\Program Files\Java\jdk-17\bin\msvcp140.dll
0x00007ffa43350000 - 0x00007ffa43f0e000 	C:\Program Files\Java\jdk-17\bin\server\jvm.dll
0x00007ffa9aec0000 - 0x00007ffa9aec8000 	C:\WINDOWS\System32\PSAPI.DLL
0x00007ffa68450000 - 0x00007ffa68477000 	C:\WINDOWS\SYSTEM32\WINMM.dll
0x00007ffa67b00000 - 0x00007ffa67b09000 	C:\WINDOWS\SYSTEM32\WSOCK32.dll
0x00007ffa9b1d0000 - 0x00007ffa9b23b000 	C:\WINDOWS\System32\WS2_32.dll
0x00007ffa97370000 - 0x00007ffa97382000 	C:\WINDOWS\SYSTEM32\kernel.appcore.dll
0x00007ffa92ae0000 - 0x00007ffa92aea000 	C:\Program Files\Java\jdk-17\bin\jimage.dll
0x00007ffa92d40000 - 0x00007ffa92f24000 	C:\WINDOWS\SYSTEM32\DBGHELP.DLL
0x00007ffa87800000 - 0x00007ffa87835000 	C:\WINDOWS\SYSTEM32\dbgcore.DLL
0x00007ffa993c0000 - 0x00007ffa99442000 	C:\WINDOWS\System32\bcryptPrimitives.dll
0x00007ffa92aa0000 - 0x00007ffa92aae000 	C:\Program Files\Java\jdk-17\bin\instrument.dll
0x00007ffa92ab0000 - 0x00007ffa92ad5000 	C:\Program Files\Java\jdk-17\bin\java.dll
0x00007ffa6dfe0000 - 0x00007ffa6e0b6000 	C:\Program Files\Java\jdk-17\bin\svml.dll
0x00007ffa9a5c0000 - 0x00007ffa9ad05000 	C:\WINDOWS\System32\SHELL32.dll
0x00007ffa93a70000 - 0x00007ffa94202000 	C:\WINDOWS\SYSTEM32\windows.storage.dll
0x00007ffa9a0c0000 - 0x00007ffa9a415000 	C:\WINDOWS\System32\combase.dll
0x00007ffa98420000 - 0x00007ffa98450000 	C:\WINDOWS\SYSTEM32\Wldp.dll
0x00007ffa99cb0000 - 0x00007ffa99d5d000 	C:\WINDOWS\System32\SHCORE.dll
0x00007ffa9b090000 - 0x00007ffa9b0e5000 	C:\WINDOWS\System32\shlwapi.dll
0x00007ffa98ac0000 - 0x00007ffa98adf000 	C:\WINDOWS\SYSTEM32\profapi.dll
0x00007ffa74010000 - 0x00007ffa74028000 	C:\Program Files\Java\jdk-17\bin\zip.dll
0x00007ffa92a80000 - 0x00007ffa92a99000 	C:\Program Files\Java\jdk-17\bin\net.dll
0x00007ffa97ac0000 - 0x00007ffa97bcc000 	C:\WINDOWS\SYSTEM32\WINHTTP.dll
0x00007ffa98200000 - 0x00007ffa9826a000 	C:\WINDOWS\system32\mswsock.dll
0x00007ffa908a0000 - 0x00007ffa908b5000 	C:\Program Files\Java\jdk-17\bin\nio.dll
0x00007ffa6df70000 - 0x00007ffa6df8a000 	D:\IntelliJ IDEA 2021.2.3\bin\breakgen64.dll
0x00007ffa69340000 - 0x00007ffa69354000 	D:\JNI_Demo\lib\TestLib.dll

dbghelp: loaded successfully - version: 4.0.5 - missing functions: none
symbol engine: initialized successfully - sym options: 0x614 - pdb path: .;C:\Program Files\Java\jdk-17\bin;C:\WINDOWS\SYSTEM32;C:\WINDOWS\WinSxS\amd64_microsoft.windows.common-controls_6595b64144ccf1df_6.0.19041.1110_none_60b5254171f9507e;C:\Program Files\Java\jdk-17\bin\server;D:\IntelliJ IDEA 2021.2.3\bin;D:\JNI_Demo\lib

VM Arguments:
jvm_args: -Xcheck:jni -Djava.library.path=D:\JNI_Demo\lib -javaagent:D:\IntelliJ IDEA 2021.2.3\lib\idea_rt.jar=58891:D:\IntelliJ IDEA 2021.2.3\bin -Dfile.encoding=UTF-8 
java_command: com.jnidemo.Main
java_class_path (initial): D:\JNI_Demo\out\production\JNI_Demo
Launcher Type: SUN_STANDARD

[Global flags]
     intx CICompilerCount                          = 4                                         {product} {ergonomic}
     uint ConcGCThreads                            = 3                                         {product} {ergonomic}
     uint G1ConcRefinementThreads                  = 10                                        {product} {ergonomic}
   size_t G1HeapRegionSize                         = 4194304                                   {product} {ergonomic}
    uintx GCDrainStackTargetSize                   = 64                                        {product} {ergonomic}
   size_t InitialHeapSize                          = 532676608                                 {product} {ergonomic}
   size_t MarkStackSize                            = 4194304                                   {product} {ergonomic}
   size_t MaxHeapSize                              = 8485076992                                {product} {ergonomic}
   size_t MaxNewSize                               = 5087690752                                {product} {ergonomic}
   size_t MinHeapDeltaBytes                        = 4194304                                   {product} {ergonomic}
   size_t MinHeapSize                              = 8388608                                   {product} {ergonomic}
    uintx NonNMethodCodeHeapSize                   = 5839372                                {pd product} {ergonomic}
    uintx NonProfiledCodeHeapSize                  = 122909434                              {pd product} {ergonomic}
    uintx ProfiledCodeHeapSize                     = 122909434                              {pd product} {ergonomic}
    uintx ReservedCodeCacheSize                    = 251658240                              {pd product} {ergonomic}
     bool SegmentedCodeCache                       = true                                      {product} {ergonomic}
   size_t SoftMaxHeapSize                          = 8485076992                             {manageable} {ergonomic}
     bool UseCompressedClassPointers               = true                           {product lp64_product} {ergonomic}
     bool UseCompressedOops                        = true                           {product lp64_product} {ergonomic}
     bool UseG1GC                                  = true                                      {product} {ergonomic}
     bool UseLargePagesIndividualAllocation        = false                                  {pd product} {ergonomic}

Logging:
Log output configuration:
 #0: stdout all=warning uptime,level,tags
 #1: stderr all=off uptime,level,tags

Environment Variables:
JAVA_HOME=C:\Program Files\Java\jdk-17
PATH=C:\Python310\Scripts\;C:\Python310\;C:\Program Files\Common Files\Oracle\Java\javapath;C:\Program Files (x86)\Common Files\Oracle\Java\javapath;C:\WINDOWS\system32;C:\WINDOWS;C:\WINDOWS\System32\Wbem;C:\WINDOWS\System32\WindowsPowerShell\v1.0\;C:\WINDOWS\System32\OpenSSH\;C:\Program Files\Git\cmd;C:\Program Files\PuTTY\;C:\Program Files\Redis\;D:\Maven\apache-maven-3.8.1\bin;C:\ProgramData\chocolatey\bin;C:\Program Files\nodejs\;;C:\Program Files\Docker\Docker\resources\bin;C:\Users\m.kaminetskyi\AppData\Local\Microsoft\WindowsApps;D:\mike\apache-maven-3.8.1\bin;D:\mike\gradle-7.1.1\bin;C:\MinGW\bin;C:\Python27;C:\Users\m.kaminetskyi\AppData\Roaming\npm;D:\Microsoft VS Code\bin
USERNAME=m.kaminetskyi
OS=Windows_NT
PROCESSOR_IDENTIFIER=Intel64 Family 6 Model 165 Stepping 2, GenuineIntel



---------------  S Y S T E M  ---------------

OS:
 Windows 10 , 64 bit Build 19041 (10.0.19041.2546)
OS uptime: 0 days 2:25 hours
Hyper-V role detected

CPU: total 12 (initial active 12) (6 cores per cpu, 2 threads per core) family 6 model 165 stepping 2 microcode 0xc8, cx8, cmov, fxsr, ht, mmx, 3dnowpref, sse, sse2, sse3, ssse3, sse4.1, sse4.2, popcnt, lzcnt, tsc, tscinvbit, avx, avx2, aes, erms, clmul, bmi1, bmi2, adx, fma, vzeroupper, clflush, clflushopt, hv

Memory: 4k page, system-wide physical 32365M (22613M free)
TotalPageFile size 34413M (AvailPageFile size 24071M)
current process WorkingSet (physical memory assigned to process): 34M, peak: 34M
current process commit charge ("private bytes"): 610M, peak: 610M

vm_info: Java HotSpot(TM) 64-Bit Server VM (17+35-LTS-2724) for windows-amd64 JRE (17+35-LTS-2724), built on Aug  5 2021 23:28:28 by "mach5one" with MS VC++ 16.8 (VS2019)

END.
